Determining if the pthread_create exist failed with the following output:
Change Dir: /home/pi/github/Study_for_Autonomous_Sumobot_Jr/ROS_Raspi/build/CMakeFiles/CMakeTmp

Run Build Command:"/usr/bin/make" "cmTC_92c43/fast"
/usr/bin/make -f CMakeFiles/cmTC_92c43.dir/build.make CMakeFiles/cmTC_92c43.dir/build
make[1]: Entering directory '/home/pi/github/Study_for_Autonomous_Sumobot_Jr/ROS_Raspi/build/CMakeFiles/CMakeTmp'
Building C object CMakeFiles/cmTC_92c43.dir/CheckSymbolExists.c.o
/usr/bin/cc     -o CMakeFiles/cmTC_92c43.dir/CheckSymbolExists.c.o   -c /home/pi/github/Study_for_Autonomous_Sumobot_Jr/ROS_Raspi/build/CMakeFiles/CMakeTmp/CheckSymbolExists.c
Linking C executable cmTC_92c43
/usr/bin/cmake -E cmake_link_script CMakeFiles/cmTC_92c43.dir/link.txt --verbose=1
/usr/bin/cc       CMakeFiles/cmTC_92c43.dir/CheckSymbolExists.c.o  -o cmTC_92c43 -rdynamic 
CMakeFiles/cmTC_92c43.dir/CheckSymbolExists.c.o: 関数 `main' 内:
CheckSymbolExists.c:(.text+0x38): `pthread_create' に対する定義されていない参照です
collect2: error: ld returned 1 exit status
CMakeFiles/cmTC_92c43.dir/build.make:97: recipe for target 'cmTC_92c43' failed
make[1]: *** [cmTC_92c43] Error 1
make[1]: Leaving directory '/home/pi/github/Study_for_Autonomous_Sumobot_Jr/ROS_Raspi/build/CMakeFiles/CMakeTmp'
Makefile:126: recipe for target 'cmTC_92c43/fast' failed
make: *** [cmTC_92c43/fast] Error 2

File /home/pi/github/Study_for_Autonomous_Sumobot_Jr/ROS_Raspi/build/CMakeFiles/CMakeTmp/CheckSymbolExists.c:
/* */
#include <pthread.h>

int main(int argc, char** argv)
{
  (void)argv;
#ifndef pthread_create
  return ((int*)(&pthread_create))[argc];
#else
  (void)argc;
  return 0;
#endif
}

Determining if the function pthread_create exists in the pthreads failed with the following output:
Change Dir: /home/pi/github/Study_for_Autonomous_Sumobot_Jr/ROS_Raspi/build/CMakeFiles/CMakeTmp

Run Build Command:"/usr/bin/make" "cmTC_7cd20/fast"
/usr/bin/make -f CMakeFiles/cmTC_7cd20.dir/build.make CMakeFiles/cmTC_7cd20.dir/build
make[1]: Entering directory '/home/pi/github/Study_for_Autonomous_Sumobot_Jr/ROS_Raspi/build/CMakeFiles/CMakeTmp'
Building C object CMakeFiles/cmTC_7cd20.dir/CheckFunctionExists.c.o
/usr/bin/cc    -DCHECK_FUNCTION_EXISTS=pthread_create   -o CMakeFiles/cmTC_7cd20.dir/CheckFunctionExists.c.o   -c /usr/share/cmake-3.6/Modules/CheckFunctionExists.c
Linking C executable cmTC_7cd20
/usr/bin/cmake -E cmake_link_script CMakeFiles/cmTC_7cd20.dir/link.txt --verbose=1
/usr/bin/cc   -DCHECK_FUNCTION_EXISTS=pthread_create    CMakeFiles/cmTC_7cd20.dir/CheckFunctionExists.c.o  -o cmTC_7cd20 -rdynamic -lpthreads 
/usr/bin/ld: -lpthreads が見つかりません
collect2: error: ld returned 1 exit status
CMakeFiles/cmTC_7cd20.dir/build.make:97: recipe for target 'cmTC_7cd20' failed
make[1]: *** [cmTC_7cd20] Error 1
make[1]: Leaving directory '/home/pi/github/Study_for_Autonomous_Sumobot_Jr/ROS_Raspi/build/CMakeFiles/CMakeTmp'
Makefile:126: recipe for target 'cmTC_7cd20/fast' failed
make: *** [cmTC_7cd20/fast] Error 2


